[info] [API] Request for entity/actions: {
	"action": "entity/actions",
	"params": {
		"clickedPath": "/Users/nataliatrocha/Documents/lowgular-course-entry/src/app/app.component.html",
		"position": 32
	},
	"context": {
		"workspace": {
			"rootPath": "/Users/nataliatrocha/Documents/lowgular-course-entry"
		},
		"userContext": {
			"id": "ep15HiJKT2",
			"correlationId": "7TtooWJjI7",
			"clickedPath": "/Users/nataliatrocha/Documents/lowgular-course-entry/src/app/app.component.html",
			"logEnvId": "development"
		}
	},
	"level": "info",
	"message": "[API] Request for entity/actions"
}
[info] [CLI] Calling Query entity/actions: {
	"funcParams": {
		"clickedPath": "/Users/nataliatrocha/Documents/lowgular-course-entry/src/app/app.component.html",
		"position": 32
	},
	"level": "info",
	"message": "[CLI] Calling Query entity/actions"
}
[info] [API] Response ok: entity/actions: {
	"result": {
		"context": {
			"parentClass": "AppComponent",
			"options": [
				{
					"type": "forms"
				},
				{
					"type": "lists"
				}
			]
		},
		"children": [
			{
				"actionId": "ADD_TEMPLATE",
				"label": "Display Data",
				"callPath": []
			},
			{
				"actionId": "ADD_LAYOUT",
				"label": "Display Layout",
				"callPath": []
			},
			{
				"actionId": "ADD_COMPONENT",
				"label": "Display Component",
				"callPath": []
			}
		]
	},
	"level": "info",
	"message": "[API] Response ok: entity/actions"
}
[info] [CLI] Called Query entity/actions: {
	"result": {
		"context": {
			"parentClass": "AppComponent",
			"options": [
				{
					"type": "forms"
				},
				{
					"type": "lists"
				}
			]
		},
		"children": [
			{
				"actionId": "ADD_TEMPLATE",
				"label": "Display Data",
				"callPath": []
			},
			{
				"actionId": "ADD_LAYOUT",
				"label": "Display Layout",
				"callPath": []
			},
			{
				"actionId": "ADD_COMPONENT",
				"label": "Display Component",
				"callPath": []
			}
		]
	},
	"level": "info",
	"message": "[CLI] Called Query entity/actions"
}
[info] [API] Request for entity/actions: {
	"action": "entity/actions",
	"params": {
		"clickedPath": "/Users/nataliatrocha/Documents/lowgular-course-entry/src/app/ui/employee-list/employee-list.component.ts",
		"position": 416
	},
	"context": {
		"workspace": {
			"rootPath": "/Users/nataliatrocha/Documents/lowgular-course-entry"
		},
		"userContext": {
			"id": "ep15HiJKT2",
			"correlationId": "8xfhSjnnJn",
			"clickedPath": "/Users/nataliatrocha/Documents/lowgular-course-entry/src/app/ui/employee-list/employee-list.component.ts",
			"logEnvId": "development"
		}
	},
	"level": "info",
	"message": "[API] Request for entity/actions"
}
[info] [CLI] Calling Query entity/actions: {
	"funcParams": {
		"clickedPath": "/Users/nataliatrocha/Documents/lowgular-course-entry/src/app/ui/employee-list/employee-list.component.ts",
		"position": 416
	},
	"level": "info",
	"message": "[CLI] Calling Query entity/actions"
}
[info] [API] Response ok: entity/actions: {
	"result": {
		"context": {
			"parentClass": "EmployeeListComponent"
		},
		"children": [
			{
				"label": "Properties",
				"children": [
					{
						"label": "data$",
						"children": [
							{
								"actionId": "RXJS_CALL_EXPRESSIONS_MAP",
								"label": "Map Property",
								"callPath": [
									"data$"
								]
							},
							{
								"actionId": "RXJS_CALL_EXPRESSIONS_TAP",
								"label": "Property Side Effect",
								"callPath": [
									"data$"
								]
							}
						]
					},
					{
						"actionId": "ADD_FORM",
						"label": "Create Form Property",
						"callPath": []
					},
					{
						"actionId": "RXJS_PROPERTY_CREATE",
						"label": "Create Data Property",
						"callPath": []
					},
					{
						"actionId": "RXJS_PROPERTY_SUBJECT_CREATE",
						"label": "Create Subject Property",
						"callPath": []
					}
				]
			},
			{
				"label": "Inject",
				"actionId": "INJECT",
				"callPath": []
			},
			{
				"label": "Methods",
				"children": [
					{
						"actionId": "METHOD_CREATE",
						"label": "Create New Method",
						"callPath": []
					}
				]
			},
			{
				"label": "Add Component to Route",
				"actionId": "ADD_TO_ROUTE",
				"callPath": []
			}
		]
	},
	"level": "info",
	"message": "[API] Response ok: entity/actions"
}
[info] [CLI] Called Query entity/actions: {
	"result": {
		"context": {
			"parentClass": "EmployeeListComponent"
		},
		"children": [
			{
				"label": "Properties",
				"children": [
					{
						"label": "data$",
						"children": [
							{
								"actionId": "RXJS_CALL_EXPRESSIONS_MAP",
								"label": "Map Property",
								"callPath": [
									"data$"
								]
							},
							{
								"actionId": "RXJS_CALL_EXPRESSIONS_TAP",
								"label": "Property Side Effect",
								"callPath": [
									"data$"
								]
							}
						]
					},
					{
						"actionId": "ADD_FORM",
						"label": "Create Form Property",
						"callPath": []
					},
					{
						"actionId": "RXJS_PROPERTY_CREATE",
						"label": "Create Data Property",
						"callPath": []
					},
					{
						"actionId": "RXJS_PROPERTY_SUBJECT_CREATE",
						"label": "Create Subject Property",
						"callPath": []
					}
				]
			},
			{
				"label": "Inject",
				"actionId": "INJECT",
				"callPath": []
			},
			{
				"label": "Methods",
				"children": [
					{
						"actionId": "METHOD_CREATE",
						"label": "Create New Method",
						"callPath": []
					}
				]
			},
			{
				"label": "Add Component to Route",
				"actionId": "ADD_TO_ROUTE",
				"callPath": []
			}
		]
	},
	"level": "info",
	"message": "[CLI] Called Query entity/actions"
}
[info] [API] Request for injectable/list: {
	"action": "injectable/list",
	"params": {
		"entityFilePath": "/Users/nataliatrocha/Documents/lowgular-course-entry/src/app/ui/employee-list/employee-list.component.ts"
	},
	"context": {
		"workspace": {
			"rootPath": "/Users/nataliatrocha/Documents/lowgular-course-entry"
		},
		"userContext": {
			"id": "ep15HiJKT2",
			"correlationId": "8xfhSjnnJn",
			"clickedPath": "/Users/nataliatrocha/Documents/lowgular-course-entry/src/app/ui/employee-list/employee-list.component.ts",
			"logEnvId": "development"
		}
	},
	"level": "info",
	"message": "[API] Request for injectable/list"
}
[info] [CLI] Calling Query injectable/list: {
	"funcParams": {
		"entityFilePath": "/Users/nataliatrocha/Documents/lowgular-course-entry/src/app/ui/employee-list/employee-list.component.ts"
	},
	"level": "info",
	"message": "[CLI] Calling Query injectable/list"
}
[info] [CLI] Called Query injectable/list: {
	"result": [
		{
			"id": "httpClient",
			"dataType": "External",
			"name": "HttpClient",
			"relatedTypes": {}
		},
		{
			"id": "activatedRoute",
			"dataType": "External",
			"name": "ActivatedRoute",
			"relatedTypes": {}
		}
	],
	"level": "info",
	"message": "[CLI] Called Query injectable/list"
}
[info] [API] Response ok: injectable/list: {
	"result": [
		{
			"id": "httpClient",
			"dataType": "External",
			"name": "HttpClient",
			"relatedTypes": {}
		},
		{
			"id": "activatedRoute",
			"dataType": "External",
			"name": "ActivatedRoute",
			"relatedTypes": {}
		}
	],
	"level": "info",
	"message": "[API] Response ok: injectable/list"
}
[info] [API] Request for injectable/inject-external: {
	"action": "injectable/inject-external",
	"params": {
		"entityFilePath": "/Users/nataliatrocha/Documents/lowgular-course-entry/src/app/ui/employee-list/employee-list.component.ts",
		"externalId": "httpClient"
	},
	"context": {
		"workspace": {
			"rootPath": "/Users/nataliatrocha/Documents/lowgular-course-entry"
		},
		"userContext": {
			"id": "ep15HiJKT2",
			"correlationId": "8xfhSjnnJn",
			"clickedPath": "/Users/nataliatrocha/Documents/lowgular-course-entry/src/app/ui/employee-list/employee-list.component.ts",
			"logEnvId": "development"
		}
	},
	"level": "info",
	"message": "[API] Request for injectable/inject-external"
}
[info] [CLI] Calling Command injectable/inject-external: {
	"funcParams": {
		"entityFilePath": "/Users/nataliatrocha/Documents/lowgular-course-entry/src/app/ui/employee-list/employee-list.component.ts",
		"externalId": "httpClient"
	},
	"level": "info",
	"message": "[CLI] Calling Command injectable/inject-external"
}
[info] [CommandBus]: Dispatching command INJECT_EXTERNAL_DEPENDENCY: {
	"commandName": "INJECT_EXTERNAL_DEPENDENCY",
	"payload": {
		"entityFilePath": "/Users/nataliatrocha/Documents/lowgular-course-entry/src/app/ui/employee-list/employee-list.component.ts",
		"externalType": "HttpClient",
		"genericFilePaths": []
	},
	"level": "info",
	"message": "[CommandBus]: Dispatching command INJECT_EXTERNAL_DEPENDENCY"
}
[error] [CommandBus]: Error INJECT_EXTERNAL_DEPENDENCY: {
	"commandName": "INJECT_EXTERNAL_DEPENDENCY",
	"payload": {
		"entityFilePath": "/Users/nataliatrocha/Documents/lowgular-course-entry/src/app/ui/employee-list/employee-list.component.ts",
		"externalType": "HttpClient",
		"genericFilePaths": []
	},
	"error": {},
	"level": "error",
	"message": "[CommandBus]: Error INJECT_EXTERNAL_DEPENDENCY"
}
[error] [API]: Error Cannot read properties of undefined (reading 'toUpperCase'): {
	"loggerData": {
		"action": "injectable/inject-external",
		"params": {
			"entityFilePath": "/Users/nataliatrocha/Documents/lowgular-course-entry/src/app/ui/employee-list/employee-list.component.ts",
			"externalId": "httpClient"
		},
		"context": {
			"workspace": {
				"rootPath": "/Users/nataliatrocha/Documents/lowgular-course-entry"
			},
			"userContext": {
				"id": "ep15HiJKT2",
				"correlationId": "8xfhSjnnJn",
				"clickedPath": "/Users/nataliatrocha/Documents/lowgular-course-entry/src/app/ui/employee-list/employee-list.component.ts",
				"logEnvId": "development"
			}
		}
	},
	"error": {},
	"stack": "TypeError: Cannot read properties of undefined (reading 'toUpperCase')\n    at /Users/nataliatrocha/Library/Application Support/JetBrains/WebStorm2022.2/plugins/LowgularJPlugin/cli/main.js:10757:55\n    at Array.filter (<anonymous>)\n    at filterLowgularTypes (/Users/nataliatrocha/Library/Application Support/JetBrains/WebStorm2022.2/plugins/LowgularJPlugin/cli/main.js:10757:18)\n    at Imports.addByType (/Users/nataliatrocha/Library/Application Support/JetBrains/WebStorm2022.2/plugins/LowgularJPlugin/cli/main.js:10827:52)\n    at importSourceService (/Users/nataliatrocha/Library/Application Support/JetBrains/WebStorm2022.2/plugins/LowgularJPlugin/cli/main.js:10506:15)\n    at syncImports (/Users/nataliatrocha/Library/Application Support/JetBrains/WebStorm2022.2/plugins/LowgularJPlugin/cli/main.js:10418:96)\n    at /Users/nataliatrocha/Library/Application Support/JetBrains/WebStorm2022.2/plugins/LowgularJPlugin/cli/main.js:37:45\n    at async TsMorphClassAdapter.write (/Users/nataliatrocha/Library/Application Support/JetBrains/WebStorm2022.2/plugins/LowgularJPlugin/cli/main.js:8970:9)\n    at async injectExternalDependencyCommandHandler (/Users/nataliatrocha/Library/Application Support/JetBrains/WebStorm2022.2/plugins/LowgularJPlugin/cli/main.js:11149:9)\n    at async dispatchCommand (/Users/nataliatrocha/Library/Application Support/JetBrains/WebStorm2022.2/plugins/LowgularJPlugin/cli/main.js:8488:26)",
	"level": "error",
	"message": "[API]: Error Cannot read properties of undefined (reading 'toUpperCase')"
}
[info] [API] Request for entity/actions: {
	"action": "entity/actions",
	"params": {
		"clickedPath": "/Users/nataliatrocha/Documents/lowgular-course-entry/src/app/ui/employee-list/employee-list.component.ts",
		"position": 416
	},
	"context": {
		"workspace": {
			"rootPath": "/Users/nataliatrocha/Documents/lowgular-course-entry"
		},
		"userContext": {
			"id": "ep15HiJKT2",
			"correlationId": "FJ-EzFEgz_",
			"clickedPath": "/Users/nataliatrocha/Documents/lowgular-course-entry/src/app/ui/employee-list/employee-list.component.ts",
			"logEnvId": "development"
		}
	},
	"level": "info",
	"message": "[API] Request for entity/actions"
}
[info] [CLI] Calling Query entity/actions: {
	"funcParams": {
		"clickedPath": "/Users/nataliatrocha/Documents/lowgular-course-entry/src/app/ui/employee-list/employee-list.component.ts",
		"position": 416
	},
	"level": "info",
	"message": "[CLI] Calling Query entity/actions"
}
[info] [CLI] Called Query entity/actions: {
	"result": {
		"context": {
			"parentClass": "EmployeeListComponent"
		},
		"children": [
			{
				"label": "Properties",
				"children": [
					{
						"label": "data$",
						"children": [
							{
								"actionId": "RXJS_CALL_EXPRESSIONS_MAP",
								"label": "Map Property",
								"callPath": [
									"data$"
								]
							},
							{
								"actionId": "RXJS_CALL_EXPRESSIONS_TAP",
								"label": "Property Side Effect",
								"callPath": [
									"data$"
								]
							}
						]
					},
					{
						"actionId": "ADD_FORM",
						"label": "Create Form Property",
						"callPath": []
					},
					{
						"actionId": "RXJS_PROPERTY_CREATE",
						"label": "Create Data Property",
						"callPath": []
					},
					{
						"actionId": "RXJS_PROPERTY_SUBJECT_CREATE",
						"label": "Create Subject Property",
						"callPath": []
					}
				]
			},
			{
				"label": "Inject",
				"actionId": "INJECT",
				"callPath": []
			},
			{
				"label": "Methods",
				"children": [
					{
						"actionId": "METHOD_CREATE",
						"label": "Create New Method",
						"callPath": []
					}
				]
			},
			{
				"label": "Add Component to Route",
				"actionId": "ADD_TO_ROUTE",
				"callPath": []
			}
		]
	},
	"level": "info",
	"message": "[CLI] Called Query entity/actions"
}
[info] [API] Response ok: entity/actions: {
	"result": {
		"context": {
			"parentClass": "EmployeeListComponent"
		},
		"children": [
			{
				"label": "Properties",
				"children": [
					{
						"label": "data$",
						"children": [
							{
								"actionId": "RXJS_CALL_EXPRESSIONS_MAP",
								"label": "Map Property",
								"callPath": [
									"data$"
								]
							},
							{
								"actionId": "RXJS_CALL_EXPRESSIONS_TAP",
								"label": "Property Side Effect",
								"callPath": [
									"data$"
								]
							}
						]
					},
					{
						"actionId": "ADD_FORM",
						"label": "Create Form Property",
						"callPath": []
					},
					{
						"actionId": "RXJS_PROPERTY_CREATE",
						"label": "Create Data Property",
						"callPath": []
					},
					{
						"actionId": "RXJS_PROPERTY_SUBJECT_CREATE",
						"label": "Create Subject Property",
						"callPath": []
					}
				]
			},
			{
				"label": "Inject",
				"actionId": "INJECT",
				"callPath": []
			},
			{
				"label": "Methods",
				"children": [
					{
						"actionId": "METHOD_CREATE",
						"label": "Create New Method",
						"callPath": []
					}
				]
			},
			{
				"label": "Add Component to Route",
				"actionId": "ADD_TO_ROUTE",
				"callPath": []
			}
		]
	},
	"level": "info",
	"message": "[API] Response ok: entity/actions"
}
[info] [API] Request for injectable/list: {
	"action": "injectable/list",
	"params": {
		"entityFilePath": "/Users/nataliatrocha/Documents/lowgular-course-entry/src/app/ui/employee-list/employee-list.component.ts"
	},
	"context": {
		"workspace": {
			"rootPath": "/Users/nataliatrocha/Documents/lowgular-course-entry"
		},
		"userContext": {
			"id": "ep15HiJKT2",
			"correlationId": "FJ-EzFEgz_",
			"clickedPath": "/Users/nataliatrocha/Documents/lowgular-course-entry/src/app/ui/employee-list/employee-list.component.ts",
			"logEnvId": "development"
		}
	},
	"level": "info",
	"message": "[API] Request for injectable/list"
}
[info] [CLI] Calling Query injectable/list: {
	"funcParams": {
		"entityFilePath": "/Users/nataliatrocha/Documents/lowgular-course-entry/src/app/ui/employee-list/employee-list.component.ts"
	},
	"level": "info",
	"message": "[CLI] Calling Query injectable/list"
}
[info] [CLI] Called Query injectable/list: {
	"result": [
		{
			"id": "httpClient",
			"dataType": "External",
			"name": "HttpClient",
			"relatedTypes": {}
		},
		{
			"id": "activatedRoute",
			"dataType": "External",
			"name": "ActivatedRoute",
			"relatedTypes": {}
		}
	],
	"level": "info",
	"message": "[CLI] Called Query injectable/list"
}
[info] [API] Response ok: injectable/list: {
	"result": [
		{
			"id": "httpClient",
			"dataType": "External",
			"name": "HttpClient",
			"relatedTypes": {}
		},
		{
			"id": "activatedRoute",
			"dataType": "External",
			"name": "ActivatedRoute",
			"relatedTypes": {}
		}
	],
	"level": "info",
	"message": "[API] Response ok: injectable/list"
}
[info] [API] Request for injectable/inject-external: {
	"action": "injectable/inject-external",
	"params": {
		"entityFilePath": "/Users/nataliatrocha/Documents/lowgular-course-entry/src/app/ui/employee-list/employee-list.component.ts",
		"externalId": "httpClient"
	},
	"context": {
		"workspace": {
			"rootPath": "/Users/nataliatrocha/Documents/lowgular-course-entry"
		},
		"userContext": {
			"id": "ep15HiJKT2",
			"correlationId": "FJ-EzFEgz_",
			"clickedPath": "/Users/nataliatrocha/Documents/lowgular-course-entry/src/app/ui/employee-list/employee-list.component.ts",
			"logEnvId": "development"
		}
	},
	"level": "info",
	"message": "[API] Request for injectable/inject-external"
}
[info] [CLI] Calling Command injectable/inject-external: {
	"funcParams": {
		"entityFilePath": "/Users/nataliatrocha/Documents/lowgular-course-entry/src/app/ui/employee-list/employee-list.component.ts",
		"externalId": "httpClient"
	},
	"level": "info",
	"message": "[CLI] Calling Command injectable/inject-external"
}
[info] [CommandBus]: Dispatching command INJECT_EXTERNAL_DEPENDENCY: {
	"commandName": "INJECT_EXTERNAL_DEPENDENCY",
	"payload": {
		"entityFilePath": "/Users/nataliatrocha/Documents/lowgular-course-entry/src/app/ui/employee-list/employee-list.component.ts",
		"externalType": "HttpClient",
		"genericFilePaths": []
	},
	"level": "info",
	"message": "[CommandBus]: Dispatching command INJECT_EXTERNAL_DEPENDENCY"
}
[error] [CommandBus]: Error INJECT_EXTERNAL_DEPENDENCY: {
	"commandName": "INJECT_EXTERNAL_DEPENDENCY",
	"payload": {
		"entityFilePath": "/Users/nataliatrocha/Documents/lowgular-course-entry/src/app/ui/employee-list/employee-list.component.ts",
		"externalType": "HttpClient",
		"genericFilePaths": []
	},
	"error": {},
	"level": "error",
	"message": "[CommandBus]: Error INJECT_EXTERNAL_DEPENDENCY"
}
[error] [API]: Error Cannot read properties of undefined (reading 'toUpperCase'): {
	"loggerData": {
		"action": "injectable/inject-external",
		"params": {
			"entityFilePath": "/Users/nataliatrocha/Documents/lowgular-course-entry/src/app/ui/employee-list/employee-list.component.ts",
			"externalId": "httpClient"
		},
		"context": {
			"workspace": {
				"rootPath": "/Users/nataliatrocha/Documents/lowgular-course-entry"
			},
			"userContext": {
				"id": "ep15HiJKT2",
				"correlationId": "FJ-EzFEgz_",
				"clickedPath": "/Users/nataliatrocha/Documents/lowgular-course-entry/src/app/ui/employee-list/employee-list.component.ts",
				"logEnvId": "development"
			}
		}
	},
	"error": {},
	"stack": "TypeError: Cannot read properties of undefined (reading 'toUpperCase')\n    at /Users/nataliatrocha/Library/Application Support/JetBrains/WebStorm2022.2/plugins/LowgularJPlugin/cli/main.js:10757:55\n    at Array.filter (<anonymous>)\n    at filterLowgularTypes (/Users/nataliatrocha/Library/Application Support/JetBrains/WebStorm2022.2/plugins/LowgularJPlugin/cli/main.js:10757:18)\n    at Imports.addByType (/Users/nataliatrocha/Library/Application Support/JetBrains/WebStorm2022.2/plugins/LowgularJPlugin/cli/main.js:10827:52)\n    at importSourceService (/Users/nataliatrocha/Library/Application Support/JetBrains/WebStorm2022.2/plugins/LowgularJPlugin/cli/main.js:10506:15)\n    at syncImports (/Users/nataliatrocha/Library/Application Support/JetBrains/WebStorm2022.2/plugins/LowgularJPlugin/cli/main.js:10418:96)\n    at /Users/nataliatrocha/Library/Application Support/JetBrains/WebStorm2022.2/plugins/LowgularJPlugin/cli/main.js:37:45\n    at async TsMorphClassAdapter.write (/Users/nataliatrocha/Library/Application Support/JetBrains/WebStorm2022.2/plugins/LowgularJPlugin/cli/main.js:8970:9)\n    at async injectExternalDependencyCommandHandler (/Users/nataliatrocha/Library/Application Support/JetBrains/WebStorm2022.2/plugins/LowgularJPlugin/cli/main.js:11149:9)\n    at async dispatchCommand (/Users/nataliatrocha/Library/Application Support/JetBrains/WebStorm2022.2/plugins/LowgularJPlugin/cli/main.js:8488:26)",
	"level": "error",
	"message": "[API]: Error Cannot read properties of undefined (reading 'toUpperCase')"
}
[info] [API] Request for entity/actions: {
	"action": "entity/actions",
	"params": {
		"clickedPath": "/Users/nataliatrocha/Documents/lowgular-course-entry/src/app/ui/employee-list/employee-list.component.ts",
		"position": 416
	},
	"context": {
		"workspace": {
			"rootPath": "/Users/nataliatrocha/Documents/lowgular-course-entry"
		},
		"userContext": {
			"id": "ep15HiJKT2",
			"correlationId": "r5lSmFZCRa",
			"clickedPath": "/Users/nataliatrocha/Documents/lowgular-course-entry/src/app/ui/employee-list/employee-list.component.ts",
			"logEnvId": "development"
		}
	},
	"level": "info",
	"message": "[API] Request for entity/actions"
}
[info] [CLI] Calling Query entity/actions: {
	"funcParams": {
		"clickedPath": "/Users/nataliatrocha/Documents/lowgular-course-entry/src/app/ui/employee-list/employee-list.component.ts",
		"position": 416
	},
	"level": "info",
	"message": "[CLI] Calling Query entity/actions"
}
[info] [CLI] Called Query entity/actions: {
	"result": {
		"context": {
			"parentClass": "EmployeeListComponent"
		},
		"children": [
			{
				"label": "Properties",
				"children": [
					{
						"actionId": "ADD_FORM",
						"label": "Create Form Property",
						"callPath": []
					},
					{
						"actionId": "RXJS_PROPERTY_CREATE",
						"label": "Create Data Property",
						"callPath": []
					},
					{
						"actionId": "RXJS_PROPERTY_SUBJECT_CREATE",
						"label": "Create Subject Property",
						"callPath": []
					}
				]
			},
			{
				"label": "Inject",
				"actionId": "INJECT",
				"callPath": []
			},
			{
				"label": "Methods",
				"children": [
					{
						"actionId": "METHOD_CREATE",
						"label": "Create New Method",
						"callPath": []
					}
				]
			},
			{
				"label": "Add Component to Route",
				"actionId": "ADD_TO_ROUTE",
				"callPath": []
			}
		]
	},
	"level": "info",
	"message": "[CLI] Called Query entity/actions"
}
[info] [API] Response ok: entity/actions: {
	"result": {
		"context": {
			"parentClass": "EmployeeListComponent"
		},
		"children": [
			{
				"label": "Properties",
				"children": [
					{
						"actionId": "ADD_FORM",
						"label": "Create Form Property",
						"callPath": []
					},
					{
						"actionId": "RXJS_PROPERTY_CREATE",
						"label": "Create Data Property",
						"callPath": []
					},
					{
						"actionId": "RXJS_PROPERTY_SUBJECT_CREATE",
						"label": "Create Subject Property",
						"callPath": []
					}
				]
			},
			{
				"label": "Inject",
				"actionId": "INJECT",
				"callPath": []
			},
			{
				"label": "Methods",
				"children": [
					{
						"actionId": "METHOD_CREATE",
						"label": "Create New Method",
						"callPath": []
					}
				]
			},
			{
				"label": "Add Component to Route",
				"actionId": "ADD_TO_ROUTE",
				"callPath": []
			}
		]
	},
	"level": "info",
	"message": "[API] Response ok: entity/actions"
}
[info] [API] Request for injectable/list: {
	"action": "injectable/list",
	"params": {
		"entityFilePath": "/Users/nataliatrocha/Documents/lowgular-course-entry/src/app/ui/employee-list/employee-list.component.ts"
	},
	"context": {
		"workspace": {
			"rootPath": "/Users/nataliatrocha/Documents/lowgular-course-entry"
		},
		"userContext": {
			"id": "ep15HiJKT2",
			"correlationId": "r5lSmFZCRa",
			"clickedPath": "/Users/nataliatrocha/Documents/lowgular-course-entry/src/app/ui/employee-list/employee-list.component.ts",
			"logEnvId": "development"
		}
	},
	"level": "info",
	"message": "[API] Request for injectable/list"
}
[info] [CLI] Calling Query injectable/list: {
	"funcParams": {
		"entityFilePath": "/Users/nataliatrocha/Documents/lowgular-course-entry/src/app/ui/employee-list/employee-list.component.ts"
	},
	"level": "info",
	"message": "[CLI] Calling Query injectable/list"
}
[info] [CLI] Called Query injectable/list: {
	"result": [
		{
			"id": "httpClient",
			"dataType": "External",
			"name": "HttpClient",
			"relatedTypes": {}
		},
		{
			"id": "activatedRoute",
			"dataType": "External",
			"name": "ActivatedRoute",
			"relatedTypes": {}
		}
	],
	"level": "info",
	"message": "[CLI] Called Query injectable/list"
}
[info] [API] Response ok: injectable/list: {
	"result": [
		{
			"id": "httpClient",
			"dataType": "External",
			"name": "HttpClient",
			"relatedTypes": {}
		},
		{
			"id": "activatedRoute",
			"dataType": "External",
			"name": "ActivatedRoute",
			"relatedTypes": {}
		}
	],
	"level": "info",
	"message": "[API] Response ok: injectable/list"
}
[info] [API] Request for injectable/inject-external: {
	"action": "injectable/inject-external",
	"params": {
		"entityFilePath": "/Users/nataliatrocha/Documents/lowgular-course-entry/src/app/ui/employee-list/employee-list.component.ts",
		"externalId": "httpClient"
	},
	"context": {
		"workspace": {
			"rootPath": "/Users/nataliatrocha/Documents/lowgular-course-entry"
		},
		"userContext": {
			"id": "ep15HiJKT2",
			"correlationId": "r5lSmFZCRa",
			"clickedPath": "/Users/nataliatrocha/Documents/lowgular-course-entry/src/app/ui/employee-list/employee-list.component.ts",
			"logEnvId": "development"
		}
	},
	"level": "info",
	"message": "[API] Request for injectable/inject-external"
}
[info] [CLI] Calling Command injectable/inject-external: {
	"funcParams": {
		"entityFilePath": "/Users/nataliatrocha/Documents/lowgular-course-entry/src/app/ui/employee-list/employee-list.component.ts",
		"externalId": "httpClient"
	},
	"level": "info",
	"message": "[CLI] Calling Command injectable/inject-external"
}
[info] [CommandBus]: Dispatching command INJECT_EXTERNAL_DEPENDENCY: {
	"commandName": "INJECT_EXTERNAL_DEPENDENCY",
	"payload": {
		"entityFilePath": "/Users/nataliatrocha/Documents/lowgular-course-entry/src/app/ui/employee-list/employee-list.component.ts",
		"externalType": "HttpClient",
		"genericFilePaths": []
	},
	"level": "info",
	"message": "[CommandBus]: Dispatching command INJECT_EXTERNAL_DEPENDENCY"
}
[info] [CommandBus]: Handled  INJECT_EXTERNAL_DEPENDENCY: {
	"commandName": "INJECT_EXTERNAL_DEPENDENCY",
	"payload": {
		"entityFilePath": "/Users/nataliatrocha/Documents/lowgular-course-entry/src/app/ui/employee-list/employee-list.component.ts",
		"externalType": "HttpClient",
		"genericFilePaths": []
	},
	"level": "info",
	"message": "[CommandBus]: Handled  INJECT_EXTERNAL_DEPENDENCY"
}
[info] [CLI] Called Command injectable/inject-external: {
	"message": "[CLI] Called Command injectable/inject-external",
	"level": "info"
}
[info] [API] Response ok: injectable/inject-external: {
	"result": {
		"filePath": "/Users/nataliatrocha/Documents/lowgular-course-entry/src/app/ui/employee-list/employee-list.component.ts"
	},
	"level": "info",
	"message": "[API] Response ok: injectable/inject-external"
}
[info] [API] Request for entity/actions: {
	"action": "entity/actions",
	"params": {
		"clickedPath": "/Users/nataliatrocha/Documents/lowgular-course-entry/src/app/ui/employee-list/employee-list.component.ts",
		"position": 394
	},
	"context": {
		"workspace": {
			"rootPath": "/Users/nataliatrocha/Documents/lowgular-course-entry"
		},
		"userContext": {
			"id": "ep15HiJKT2",
			"correlationId": "NeaP-Aqvlf",
			"clickedPath": "/Users/nataliatrocha/Documents/lowgular-course-entry/src/app/ui/employee-list/employee-list.component.ts",
			"logEnvId": "development"
		}
	},
	"level": "info",
	"message": "[API] Request for entity/actions"
}
[info] [CLI] Calling Query entity/actions: {
	"funcParams": {
		"clickedPath": "/Users/nataliatrocha/Documents/lowgular-course-entry/src/app/ui/employee-list/employee-list.component.ts",
		"position": 394
	},
	"level": "info",
	"message": "[CLI] Calling Query entity/actions"
}
[info] [CLI] Called Query entity/actions: {
	"result": {
		"context": {
			"parentClass": "EmployeeListComponent"
		},
		"children": [
			{
				"label": "Properties",
				"children": [
					{
						"actionId": "ADD_FORM",
						"label": "Create Form Property",
						"callPath": []
					},
					{
						"actionId": "RXJS_PROPERTY_CREATE",
						"label": "Create Data Property",
						"callPath": []
					},
					{
						"actionId": "RXJS_PROPERTY_SUBJECT_CREATE",
						"label": "Create Subject Property",
						"callPath": []
					}
				]
			},
			{
				"label": "Inject",
				"actionId": "INJECT",
				"callPath": []
			},
			{
				"label": "Methods",
				"children": [
					{
						"actionId": "METHOD_CREATE",
						"label": "Create New Method",
						"callPath": []
					}
				]
			},
			{
				"label": "Add Component to Route",
				"actionId": "ADD_TO_ROUTE",
				"callPath": []
			}
		]
	},
	"level": "info",
	"message": "[CLI] Called Query entity/actions"
}
[info] [API] Response ok: entity/actions: {
	"result": {
		"context": {
			"parentClass": "EmployeeListComponent"
		},
		"children": [
			{
				"label": "Properties",
				"children": [
					{
						"actionId": "ADD_FORM",
						"label": "Create Form Property",
						"callPath": []
					},
					{
						"actionId": "RXJS_PROPERTY_CREATE",
						"label": "Create Data Property",
						"callPath": []
					},
					{
						"actionId": "RXJS_PROPERTY_SUBJECT_CREATE",
						"label": "Create Subject Property",
						"callPath": []
					}
				]
			},
			{
				"label": "Inject",
				"actionId": "INJECT",
				"callPath": []
			},
			{
				"label": "Methods",
				"children": [
					{
						"actionId": "METHOD_CREATE",
						"label": "Create New Method",
						"callPath": []
					}
				]
			},
			{
				"label": "Add Component to Route",
				"actionId": "ADD_TO_ROUTE",
				"callPath": []
			}
		]
	},
	"level": "info",
	"message": "[API] Response ok: entity/actions"
}
[info] [API] Request for entity/actions: {
	"action": "entity/actions",
	"params": {
		"clickedPath": "/Users/nataliatrocha/Documents/lowgular-course-entry/src/app/ui/employee-list/employee-list.component.ts",
		"position": 394
	},
	"context": {
		"workspace": {
			"rootPath": "/Users/nataliatrocha/Documents/lowgular-course-entry"
		},
		"userContext": {
			"id": "ep15HiJKT2",
			"correlationId": "Zqx8rIBbbP",
			"clickedPath": "/Users/nataliatrocha/Documents/lowgular-course-entry/src/app/ui/employee-list/employee-list.component.ts",
			"logEnvId": "development"
		}
	},
	"level": "info",
	"message": "[API] Request for entity/actions"
}
[info] [CLI] Calling Query entity/actions: {
	"funcParams": {
		"clickedPath": "/Users/nataliatrocha/Documents/lowgular-course-entry/src/app/ui/employee-list/employee-list.component.ts",
		"position": 394
	},
	"level": "info",
	"message": "[CLI] Calling Query entity/actions"
}
[info] [API] Response ok: entity/actions: {
	"result": {
		"context": {
			"parentClass": "EmployeeListComponent"
		},
		"children": [
			{
				"label": "Properties",
				"children": [
					{
						"actionId": "ADD_FORM",
						"label": "Create Form Property",
						"callPath": []
					},
					{
						"actionId": "RXJS_PROPERTY_CREATE",
						"label": "Create Data Property",
						"callPath": []
					},
					{
						"actionId": "RXJS_PROPERTY_SUBJECT_CREATE",
						"label": "Create Subject Property",
						"callPath": []
					}
				]
			},
			{
				"label": "Inject",
				"actionId": "INJECT",
				"callPath": []
			},
			{
				"label": "Methods",
				"children": [
					{
						"actionId": "METHOD_CREATE",
						"label": "Create New Method",
						"callPath": []
					}
				]
			},
			{
				"label": "Add Component to Route",
				"actionId": "ADD_TO_ROUTE",
				"callPath": []
			}
		]
	},
	"level": "info",
	"message": "[API] Response ok: entity/actions"
}
[info] [CLI] Called Query entity/actions: {
	"result": {
		"context": {
			"parentClass": "EmployeeListComponent"
		},
		"children": [
			{
				"label": "Properties",
				"children": [
					{
						"actionId": "ADD_FORM",
						"label": "Create Form Property",
						"callPath": []
					},
					{
						"actionId": "RXJS_PROPERTY_CREATE",
						"label": "Create Data Property",
						"callPath": []
					},
					{
						"actionId": "RXJS_PROPERTY_SUBJECT_CREATE",
						"label": "Create Subject Property",
						"callPath": []
					}
				]
			},
			{
				"label": "Inject",
				"actionId": "INJECT",
				"callPath": []
			},
			{
				"label": "Methods",
				"children": [
					{
						"actionId": "METHOD_CREATE",
						"label": "Create New Method",
						"callPath": []
					}
				]
			},
			{
				"label": "Add Component to Route",
				"actionId": "ADD_TO_ROUTE",
				"callPath": []
			}
		]
	},
	"level": "info",
	"message": "[CLI] Called Query entity/actions"
}
[info] [API] Request for injectable/list: {
	"action": "injectable/list",
	"params": {
		"entityFilePath": "/Users/nataliatrocha/Documents/lowgular-course-entry/src/app/ui/employee-list/employee-list.component.ts"
	},
	"context": {
		"workspace": {
			"rootPath": "/Users/nataliatrocha/Documents/lowgular-course-entry"
		},
		"userContext": {
			"id": "ep15HiJKT2",
			"correlationId": "Zqx8rIBbbP",
			"clickedPath": "/Users/nataliatrocha/Documents/lowgular-course-entry/src/app/ui/employee-list/employee-list.component.ts",
			"logEnvId": "development"
		}
	},
	"level": "info",
	"message": "[API] Request for injectable/list"
}
[info] [CLI] Calling Query injectable/list: {
	"funcParams": {
		"entityFilePath": "/Users/nataliatrocha/Documents/lowgular-course-entry/src/app/ui/employee-list/employee-list.component.ts"
	},
	"level": "info",
	"message": "[CLI] Calling Query injectable/list"
}
[info] [CLI] Called Query injectable/list: {
	"result": [
		{
			"id": "httpClient",
			"dataType": "External",
			"name": "HttpClient",
			"relatedTypes": {}
		},
		{
			"id": "activatedRoute",
			"dataType": "External",
			"name": "ActivatedRoute",
			"relatedTypes": {}
		}
	],
	"level": "info",
	"message": "[CLI] Called Query injectable/list"
}
[info] [API] Response ok: injectable/list: {
	"result": [
		{
			"id": "httpClient",
			"dataType": "External",
			"name": "HttpClient",
			"relatedTypes": {}
		},
		{
			"id": "activatedRoute",
			"dataType": "External",
			"name": "ActivatedRoute",
			"relatedTypes": {}
		}
	],
	"level": "info",
	"message": "[API] Response ok: injectable/list"
}
[info] [API] Request for injectable/inject-external: {
	"action": "injectable/inject-external",
	"params": {
		"entityFilePath": "/Users/nataliatrocha/Documents/lowgular-course-entry/src/app/ui/employee-list/employee-list.component.ts",
		"externalId": "httpClient"
	},
	"context": {
		"workspace": {
			"rootPath": "/Users/nataliatrocha/Documents/lowgular-course-entry"
		},
		"userContext": {
			"id": "ep15HiJKT2",
			"correlationId": "Zqx8rIBbbP",
			"clickedPath": "/Users/nataliatrocha/Documents/lowgular-course-entry/src/app/ui/employee-list/employee-list.component.ts",
			"logEnvId": "development"
		}
	},
	"level": "info",
	"message": "[API] Request for injectable/inject-external"
}
[info] [CLI] Calling Command injectable/inject-external: {
	"funcParams": {
		"entityFilePath": "/Users/nataliatrocha/Documents/lowgular-course-entry/src/app/ui/employee-list/employee-list.component.ts",
		"externalId": "httpClient"
	},
	"level": "info",
	"message": "[CLI] Calling Command injectable/inject-external"
}
[info] [CommandBus]: Dispatching command INJECT_EXTERNAL_DEPENDENCY: {
	"commandName": "INJECT_EXTERNAL_DEPENDENCY",
	"payload": {
		"entityFilePath": "/Users/nataliatrocha/Documents/lowgular-course-entry/src/app/ui/employee-list/employee-list.component.ts",
		"externalType": "HttpClient",
		"genericFilePaths": []
	},
	"level": "info",
	"message": "[CommandBus]: Dispatching command INJECT_EXTERNAL_DEPENDENCY"
}
[info] [CommandBus]: Handled  INJECT_EXTERNAL_DEPENDENCY: {
	"commandName": "INJECT_EXTERNAL_DEPENDENCY",
	"payload": {
		"entityFilePath": "/Users/nataliatrocha/Documents/lowgular-course-entry/src/app/ui/employee-list/employee-list.component.ts",
		"externalType": "HttpClient",
		"genericFilePaths": []
	},
	"level": "info",
	"message": "[CommandBus]: Handled  INJECT_EXTERNAL_DEPENDENCY"
}
[info] [CLI] Called Command injectable/inject-external: {
	"message": "[CLI] Called Command injectable/inject-external",
	"level": "info"
}
[info] [API] Response ok: injectable/inject-external: {
	"result": {
		"filePath": "/Users/nataliatrocha/Documents/lowgular-course-entry/src/app/ui/employee-list/employee-list.component.ts"
	},
	"level": "info",
	"message": "[API] Response ok: injectable/inject-external"
}
[info] [API] Request for entity/actions: {
	"action": "entity/actions",
	"params": {
		"clickedPath": "/Users/nataliatrocha/Documents/lowgular-course-entry/src/app/model/employee.model.ts",
		"position": 98
	},
	"context": {
		"workspace": {
			"rootPath": "/Users/nataliatrocha/Documents/lowgular-course-entry"
		},
		"userContext": {
			"id": "ep15HiJKT2",
			"correlationId": "uyfkNYcvOH",
			"clickedPath": "/Users/nataliatrocha/Documents/lowgular-course-entry/src/app/model/employee.model.ts",
			"logEnvId": "development"
		}
	},
	"level": "info",
	"message": "[API] Request for entity/actions"
}
[info] [CLI] Calling Query entity/actions: {
	"funcParams": {
		"clickedPath": "/Users/nataliatrocha/Documents/lowgular-course-entry/src/app/model/employee.model.ts",
		"position": 98
	},
	"level": "info",
	"message": "[CLI] Calling Query entity/actions"
}
[info] [CLI] Called Query entity/actions: {
	"result": {
		"context": {},
		"children": [
			{
				"label": "Properties",
				"children": [
					{
						"actionId": "PROPERTY_CREATE",
						"label": "Create Property",
						"callPath": []
					}
				]
			}
		]
	},
	"level": "info",
	"message": "[CLI] Called Query entity/actions"
}
[info] [API] Response ok: entity/actions: {
	"result": {
		"context": {},
		"children": [
			{
				"label": "Properties",
				"children": [
					{
						"actionId": "PROPERTY_CREATE",
						"label": "Create Property",
						"callPath": []
					}
				]
			}
		]
	},
	"level": "info",
	"message": "[API] Response ok: entity/actions"
}
[info] [API] Request for properties/flow: {
	"action": "properties/flow",
	"params": {
		"actionId": "PROPERTY_CREATE",
		"label": "Create Property",
		"callPath": []
	},
	"context": {
		"workspace": {
			"rootPath": "/Users/nataliatrocha/Documents/lowgular-course-entry"
		},
		"userContext": {
			"id": "ep15HiJKT2",
			"correlationId": "uyfkNYcvOH",
			"clickedPath": "/Users/nataliatrocha/Documents/lowgular-course-entry/src/app/model/employee.model.ts",
			"logEnvId": "development"
		}
	},
	"level": "info",
	"message": "[API] Request for properties/flow"
}
[info] [CLI] Calling Query properties/flow: {
	"funcParams": {
		"actionId": "PROPERTY_CREATE",
		"label": "Create Property",
		"callPath": []
	},
	"level": "info",
	"message": "[CLI] Calling Query properties/flow"
}
[info] [CLI] Called Query properties/flow: {
	"result": {
		"context": {},
		"steps": [
			{
				"contextId": "name",
				"title": "What is the property name?",
				"subtitle": "in camelCase (e.g. user)",
				"type": "text-input"
			},
			{
				"contextId": "entity",
				"title": "Which dependency to use?",
				"type": "multi-option",
				"options": [
					{
						"name": "EmployeeModel"
					}
				],
				"extraOptions": [],
				"property": "name"
			}
		],
		"request": {
			"config": {
				"url": "properties/create",
				"payload": {
					"name": "name.value",
					"type": "entity.name"
				}
			}
		}
	},
	"level": "info",
	"message": "[CLI] Called Query properties/flow"
}
[info] [API] Response ok: properties/flow: {
	"result": {
		"context": {},
		"steps": [
			{
				"contextId": "name",
				"title": "What is the property name?",
				"subtitle": "in camelCase (e.g. user)",
				"type": "text-input"
			},
			{
				"contextId": "entity",
				"title": "Which dependency to use?",
				"type": "multi-option",
				"options": [
					{
						"name": "EmployeeModel"
					}
				],
				"extraOptions": [],
				"property": "name"
			}
		],
		"request": {
			"config": {
				"url": "properties/create",
				"payload": {
					"name": "name.value",
					"type": "entity.name"
				}
			}
		}
	},
	"level": "info",
	"message": "[API] Response ok: properties/flow"
}
